build/outputs/logs/manifest-merger-debug-report.txt
-- Merging decision tree log ---
manifest
ADDED from src\main\AndroidManifest.xml:2:1-28:12
	package
		ADDED from src\main\AndroidManifest.xml:3:7-41
	android:versionName
		ADDED from src\main\AndroidManifest.xml:5:7-32
	android:versionCode
		ADDED from src\main\AndroidManifest.xml:4:7-30
		INJECTED from src\main\AndroidManifest.xml
		INJECTED from src\main\AndroidManifest.xml
	xmlns:android
		ADDED from src\main\AndroidManifest.xml:2:11-69
application
ADDED from src\main\AndroidManifest.xml:6:5-16:19
	android:label
		ADDED from src\main\AndroidManifest.xml:6:18-50
	android:icon
		ADDED from src\main\AndroidManifest.xml:6:51-87
activity#nus.cs4222.lightanalyzer.LightAnalyzerActivity
ADDED from src\main\AndroidManifest.xml:7:9-15:20
	android:screenOrientation
		ADDED from src\main\AndroidManifest.xml:9:19-55
	android:label
		ADDED from src\main\AndroidManifest.xml:8:19-51
	android:windowSoftInputMode
		ADDED from src\main\AndroidManifest.xml:10:19-60
	android:name
		ADDED from src\main\AndroidManifest.xml:7:19-55
intent-filter#android.intent.action.MAIN+android.intent.category.LAUNCHER
ADDED from src\main\AndroidManifest.xml:11:13-14:29
action#android.intent.action.MAIN
ADDED from src\main\AndroidManifest.xml:12:17-69
	android:name
		ADDED from src\main\AndroidManifest.xml:12:25-66
category#android.intent.category.LAUNCHER
ADDED from src\main\AndroidManifest.xml:13:17-77
	android:name
		ADDED from src\main\AndroidManifest.xml:13:27-74
uses-permission#android.permission.WRITE_EXTERNAL_STORAGE
ADDED from src\main\AndroidManifest.xml:19:5-81
	android:name
		ADDED from src\main\AndroidManifest.xml:19:22-78
supports-screens
ADDED from src\main\AndroidManifest.xml:22:5-26:51
	android:largeScreens
		ADDED from src\main\AndroidManifest.xml:25:23-50
	android:smallScreens
		ADDED from src\main\AndroidManifest.xml:23:23-50
	android:normalScreens
		ADDED from src\main\AndroidManifest.xml:24:23-51
	android:resizeable
		ADDED from src\main\AndroidManifest.xml:22:23-48
	android:anyDensity
		ADDED from src\main\AndroidManifest.xml:26:23-48